<?xml version="1.0" encoding="UTF-8"?>
<!-- Generated by org.testng.reporters.JUnitReportReporter -->
<testsuite skipped="0" hostname="krish" name="dataprovider.d1" tests="3" failures="0" timestamp="2023-04-11T15:47:27 IST" time="22.379" errors="0">
  <testcase name="DataProvSampleTest" time="6.416" classname="dataprovider.d1"/>
  <system-out/>
  <testcase name="DataProvSampleTest" time="9.378" classname="dataprovider.d1"/>
  <system-out/>
  <testcase name="DataProvSampleTest" time="6.585" classname="dataprovider.d1"/>
  <system-out/>
</testsuite> <!-- dataprovider.d1 -->
