<?xml version="1.0" encoding="UTF-8"?>
<!-- Generated by org.testng.reporters.JUnitReportReporter -->
<testsuite skipped="0" hostname="krish" name="extent.c2" tests="1" failures="0" timestamp="2023-04-11T16:04:25 IST" time="3.779" errors="0">
  <testcase name="extentReportsDemo" time="3.779" classname="extent.c2"/>
  <system-out/>
</testsuite> <!-- extent.c2 -->
