<?xml version="1.0" encoding="UTF-8"?>
<!-- Generated by org.testng.reporters.JUnitReportReporter -->
<testsuite skipped="0" hostname="krish" name="autoit.c1" tests="1" failures="0" timestamp="2023-04-17T16:23:51 IST" time="12.910" errors="0">
  <testcase name="t1" time="12.910" classname="autoit.c1"/>
  <system-out/>
</testsuite> <!-- autoit.c1 -->
